Сборка начата 11.06.2014 18:11:35.
     1>Проект "C:\Users\Дмитрий\Documents\Visual Studio 2010\Projects\MachineLearning_1\MachineLearning_1\MachineLearning_1.vcxproj" в узле 2 (целевые объекты build).
     1>InitializeBuildStatus:
         Создание "Debug\MachineLearning_1.unsuccessfulbuild", так как было задано "AlwaysCreate".
       ClCompile:
         c:\Program Files (x86)\Microsoft Visual Studio 10.0\VC\bin\CL.exe /c /ZI /nologo /W3 /WX- /Od /Oy- /D WIN32 /D _DEBUG /D _CONSOLE /D _UNICODE /D UNICODE /Gm /EHsc /RTC1 /MDd /GS /fp:precise /Zc:wchar_t /Zc:forScope /Fo"Debug\\" /Fd"Debug\vc100.pdb" /Gd /TP /analyze- /errorReport:prompt MachineLearning_1.cpp
         MachineLearning_1.cpp
     1>c:\users\дмитрий\documents\visual studio 2010\projects\machinelearning_1\machinelearning_1\machinelearning_1.cpp(24): warning C4244: инициализация: преобразование "double" в "float", возможна потеря данных
     1>c:\users\дмитрий\documents\visual studio 2010\projects\machinelearning_1\machinelearning_1\machinelearning_1.cpp(136): warning C4018: <: несоответствие типов со знаком и без знака
       ManifestResourceCompile:
         Для всех выходных данных обновления не требуется.
       Link:
         c:\Program Files (x86)\Microsoft Visual Studio 10.0\VC\bin\link.exe /ERRORREPORT:PROMPT /OUT:"C:\Users\Дмитрий\Documents\Visual Studio 2010\Projects\MachineLearning_1\Debug\MachineLearning_1.exe" /INCREMENTAL /NOLOGO kernel32.lib user32.lib gdi32.lib winspool.lib comdlg32.lib advapi32.lib shell32.lib ole32.lib oleaut32.lib uuid.lib odbc32.lib odbccp32.lib /MANIFEST /ManifestFile:"Debug\MachineLearning_1.exe.intermediate.manifest" /MANIFESTUAC:"level='asInvoker' uiAccess='false'" /DEBUG /PDB:"C:\Users\Дмитрий\Documents\Visual Studio 2010\Projects\MachineLearning_1\Debug\MachineLearning_1.pdb" /SUBSYSTEM:CONSOLE /TLBID:1 /DYNAMICBASE /NXCOMPAT /IMPLIB:"C:\Users\Дмитрий\Documents\Visual Studio 2010\Projects\MachineLearning_1\Debug\MachineLearning_1.lib" /MACHINE:X86 Debug\MachineLearning_1.exe.embed.manifest.res
         Debug\MachineLearning_1.obj
       Manifest:
         C:\Program Files (x86)\Microsoft SDKs\Windows\v7.0A\bin\mt.exe /nologo /verbose /out:"Debug\MachineLearning_1.exe.embed.manifest" /manifest Debug\MachineLearning_1.exe.intermediate.manifest
         Для всех выходных данных обновления не требуется.
       LinkEmbedManifest:
         Для всех выходных данных обновления не требуется.
         MachineLearning_1.vcxproj -> C:\Users\Дмитрий\Documents\Visual Studio 2010\Projects\MachineLearning_1\Debug\MachineLearning_1.exe
       FinalizeBuildStatus:
         Файл "Debug\MachineLearning_1.unsuccessfulbuild" удаляется.
         Обращение к "Debug\MachineLearning_1.lastbuildstate".
     1>Построение проекта "C:\Users\Дмитрий\Documents\Visual Studio 2010\Projects\MachineLearning_1\MachineLearning_1\MachineLearning_1.vcxproj" завершено (целевые объекты build).

Построение успешно завершено.

Затраченное время: 00:00:01.51
